Compiling the C compiler identification source file "CMakeCCompilerId.c" failed.
Compiler: F:/PROJECT/zephyr-sdk-0.14.2/arm-zephyr-eabi/bin/arm-zephyr-eabi-gcc.exe 
Build flags: 
Id flags:  

The output was:
1
f:/project/zephyr-sdk-0.14.2/arm-zephyr-eabi/bin/../lib/gcc/arm-zephyr-eabi/10.3.0/../../../../arm-zephyr-eabi/bin/ld.exe: f:/project/zephyr-sdk-0.14.2/arm-zephyr-eabi/bin/../lib/gcc/arm-zephyr-eabi/10.3.0/../../../../arm-zephyr-eabi/lib\libc.a(lib_a-exit.o): in function `exit':
exit.c:(.text.exit+0x34): undefined reference to `_exit'
collect2.exe: error: ld returned 1 exit status


Compiling the CXX compiler identification source file "CMakeCXXCompilerId.cpp" failed.
Compiler: F:/PROJECT/zephyr-sdk-0.14.2/arm-zephyr-eabi/bin/arm-zephyr-eabi-gcc.exe 
Build flags: 
Id flags:  

The output was:
1
f:/project/zephyr-sdk-0.14.2/arm-zephyr-eabi/bin/../lib/gcc/arm-zephyr-eabi/10.3.0/../../../../arm-zephyr-eabi/bin/ld.exe: f:/project/zephyr-sdk-0.14.2/arm-zephyr-eabi/bin/../lib/gcc/arm-zephyr-eabi/10.3.0/../../../../arm-zephyr-eabi/lib\libc.a(lib_a-exit.o): in function `exit':
exit.c:(.text.exit+0x34): undefined reference to `_exit'
collect2.exe: error: ld returned 1 exit status


Performing C SOURCE FILE Test check_mstack_protector_guard_global_C__nostartfiles__nostdlib__isystem__f__project_zephyr_sdk_0_14_2_arm_zephyr_eabi_bin____lib_gcc_arm_zephyr_eabi_10_3_0_include___isystem__f__project_zephyr_sdk_0_14_2_arm_zephyr_eabi_bin____lib_gcc_arm_zephyr_eabi_10_3_0_include_fixed___Wl___unresolved_symbols_ignore_in_object_files__Wl___entry_0 failed with the following output:
Change Dir: F:/PROJECT/CoilLink-Memory/build/CMakeFiles/CMakeTmp

Run Build Command(s):C:/ProgramData/chocolatey/bin/ninja.exe cmTC_3d8ea && [1/2] Building C object CMakeFiles/cmTC_3d8ea.dir/src.c.obj
FAILED: CMakeFiles/cmTC_3d8ea.dir/src.c.obj 
F:\PROJECT\zephyr-sdk-0.14.2\arm-zephyr-eabi\bin\arm-zephyr-eabi-gcc.exe -Dcheck_mstack_protector_guard_global_C__nostartfiles__nostdlib__isystem__f__project_zephyr_sdk_0_14_2_arm_zephyr_eabi_bin____lib_gcc_arm_zephyr_eabi_10_3_0_include___isystem__f__project_zephyr_sdk_0_14_2_arm_zephyr_eabi_bin____lib_gcc_arm_zephyr_eabi_10_3_0_include_fixed___Wl___unresolved_symbols_ignore_in_object_files__Wl___entry_0  -nostartfiles -nostdlib -isystem "f:/project/zephyr-sdk-0.14.2/arm-zephyr-eabi/bin/../lib/gcc/arm-zephyr-eabi/10.3.0/include" -isystem "f:/project/zephyr-sdk-0.14.2/arm-zephyr-eabi/bin/../lib/gcc/arm-zephyr-eabi/10.3.0/include-fixed" -Wl,--unresolved-symbols=ignore-in-object-files -Wl,--entry=0   -mstack-protector-guard=global -o CMakeFiles/cmTC_3d8ea.dir/src.c.obj -c F:/PROJECT/CoilLink-Memory/build/CMakeFiles/CMakeTmp/src.c
arm-zephyr-eabi-gcc.exe: error: unrecognized command-line option '-mstack-protector-guard=global'; did you mean '-fstack-protector-all'?
ninja: build stopped: subcommand failed.


Source file was:
int main(void) { return 0; }
Performing C SOURCE FILE Test check_C__nostartfiles__nostdlib__isystem__f__project_zephyr_sdk_0_14_2_arm_zephyr_eabi_bin____lib_gcc_arm_zephyr_eabi_10_3_0_include___isystem__f__project_zephyr_sdk_0_14_2_arm_zephyr_eabi_bin____lib_gcc_arm_zephyr_eabi_10_3_0_include_fixed___Wl___unresolved_symbols_ignore_in_object_files__Wl___entry_0__lasan failed with the following output:
Change Dir: F:/PROJECT/CoilLink-Memory/build/CMakeFiles/CMakeTmp

Run Build Command(s):C:/ProgramData/chocolatey/bin/ninja.exe cmTC_aa81c && [1/2] Building C object CMakeFiles/cmTC_aa81c.dir/src.c.obj
[2/2] Linking C executable cmTC_aa81c
FAILED: cmTC_aa81c 
cmd.exe /C "cd . && F:\PROJECT\zephyr-sdk-0.14.2\arm-zephyr-eabi\bin\arm-zephyr-eabi-gcc.exe -nostartfiles -nostdlib -isystem "f:/project/zephyr-sdk-0.14.2/arm-zephyr-eabi/bin/../lib/gcc/arm-zephyr-eabi/10.3.0/include" -isystem "f:/project/zephyr-sdk-0.14.2/arm-zephyr-eabi/bin/../lib/gcc/arm-zephyr-eabi/10.3.0/include-fixed" -Wl,--unresolved-symbols=ignore-in-object-files -Wl,--entry=0 -lasan  CMakeFiles/cmTC_aa81c.dir/src.c.obj -o cmTC_aa81c   && cd ."
f:/project/zephyr-sdk-0.14.2/arm-zephyr-eabi/bin/../lib/gcc/arm-zephyr-eabi/10.3.0/../../../../arm-zephyr-eabi/bin/ld.exe: cannot find -lasan
collect2.exe: error: ld returned 1 exit status
ninja: build stopped: subcommand failed.


Source file was:
int main(void) { return 0; }
